Wed, May 14, 2025  8:21:04 AM: 
 tests:  0|5
total_score: 0/70
3f0e54c
Wed, May 14, 2025  8:26:16 AM: 
 sudoku.c | 10 +++++++++-
 1 file changed, 9 insertions(+), 1 deletion(-)
 tests:  1|4
total_score: 10/70
52c281b
Wed, May 14, 2025  8:43:11 AM: 
 sudoku.c | 57 ++++++++++++++++++++++++++++++++++++++++++++++++++++-----
 1 file changed, 52 insertions(+), 5 deletions(-)
Compilation failed
In file included from test.c:5:0:
sudoku.c: In function 'is_valid':
sudoku.c:98:1: error: control reaches end of non-void function [-Werror=return-type]
 }
 ^
sudoku.c: In function 'get_adj_nodes':
sudoku.c:102:1: error: control reaches end of non-void function [-Werror=return-type]
 }
 ^
cc1.exe: all warnings being treated as errors
6b25a29
Wed, May 14, 2025  8:45:10 AM: 
 sudoku.c | 17 ++++++-----------
 1 file changed, 6 insertions(+), 11 deletions(-)
Compilation failed
In file included from test.c:5:0:
sudoku.c: In function 'is_valid':
sudoku.c:94:1: error: control reaches end of non-void function [-Werror=return-type]
 }
 ^
sudoku.c: In function 'get_adj_nodes':
sudoku.c:100:1: error: control reaches end of non-void function [-Werror=return-type]
 }
 ^
cc1.exe: all warnings being treated as errors
7d8540c
Wed, May 14, 2025  8:46:00 AM: 
 sudoku.c | 51 +++++++++++++++++++++++++--------------------------
 1 file changed, 25 insertions(+), 26 deletions(-)
Compilation failed
In file included from test.c:5:0:
sudoku.c: In function 'get_adj_nodes':
sudoku.c:101:1: error: control reaches end of non-void function [-Werror=return-type]
 }
 ^
cc1.exe: all warnings being treated as errors
057d14d
Wed, May 14, 2025  8:46:15 AM: 
Compilation failed
In file included from test.c:5:0:
sudoku.c: In function 'get_adj_nodes':
sudoku.c:101:1: error: control reaches end of non-void function [-Werror=return-type]
 }
 ^
cc1.exe: all warnings being treated as errors
3bef16e
Wed, May 14, 2025  8:46:32 AM: 
 sudoku.c | 25 ++++++++++++++++++++++++-
 1 file changed, 24 insertions(+), 1 deletion(-)
 tests:  7|1
total_score: 55/70
1e6a821
Wed, May 14, 2025  8:51:02 AM: 
 sudoku.c | 10 ++++++----
 1 file changed, 6 insertions(+), 4 deletions(-)
Compilation failed
In file included from test.c:5:0:
sudoku.c: In function 'get_adj_nodes':
sudoku.c:125:1: error: control reaches end of non-void function [-Werror=return-type]
 }
 ^
At top level:
sudoku.c:97:9: error: 'get_adj_nodes' defined but not used [-Werror=unused-function]
   List* get_adj_nodes(Node* n)
         ^~~~~~~~~~~~~
cc1.exe: all warnings being treated as errors
fb023e1
Wed, May 14, 2025  8:52:04 AM: 
 sudoku.c | 56 ++++----------------------------------------------------
 1 file changed, 4 insertions(+), 52 deletions(-)
Compilation failed
In file included from test.c:5:0:
sudoku.c: In function 'get_adj_nodes':
sudoku.c:63:25: error: implicit declaration of function 'is_valid' [-Werror=implicit-function-declaration]
                     if (is_valid(new_node)) {
                         ^~~~~~~~
cc1.exe: all warnings being treated as errors
542c550
Wed, May 14, 2025  8:52:37 AM: 
 sudoku.c | 4 ++++
 1 file changed, 4 insertions(+)
 tests:  3|3
total_score: 25/70
fcd9951
Wed, May 14, 2025  8:54:27 AM: 
 sudoku.c | 27 +++++++++++++++++++++++++--
 1 file changed, 25 insertions(+), 2 deletions(-)
Compilation failed
In file included from test.c:5:0:
sudoku.c: In function 'DFS':
sudoku.c:101:9: error: invalid use of void expression
         current = (Node*) popBack(stack);
         ^~~~~~~
sudoku.c:109:9: error: unknown type name 'node'
         node* temp = adj_nodes->first;
         ^~~~
sudoku.c:109:31: error: dereferencing pointer to incomplete type 'List {aka struct List}'
         node* temp = adj_nodes->first;
                               ^~
sudoku.c:111:41: error: request for member 'data' in something not a structure or union
             pushBack(stack, (Node*) temp->data);
                                         ^~
sudoku.c:112:24: error: request for member 'next' in something not a structure or union
             temp = temp->next;
                        ^~
sudoku.c:118:1: error: control reaches end of non-void function [-Werror=return-type]
 }
 ^
cc1.exe: all warnings being treated as errors
93e5c22
Wed, May 14, 2025  8:58:09 AM: 
 sudoku.c | 27 +++++++++++----------------
 1 file changed, 11 insertions(+), 16 deletions(-)
Compilation failed
In file included from test.c:5:0:
sudoku.c: In function 'DFS':
sudoku.c:105:17: error: void value not ignored as it ought to be
     while ((adj = popFront(adj_nodes)) != NULL) {
                 ^
83d53e9
Wed, May 14, 2025  8:58:28 AM: 
 sudoku.c | 4 ++++
 1 file changed, 4 insertions(+)
Compilation failed
In file included from test.c:5:0:
sudoku.c: In function 'DFS':
sudoku.c:105:17: error: void value not ignored as it ought to be
     while ((adj = popFront(adj_nodes)) != NULL) {
                 ^
sudoku.c:108:13: error: implicit declaration of function 'freeList' [-Werror=implicit-function-declaration]
             freeList(adj_nodes);
             ^~~~~~~~
cc1.exe: all warnings being treated as errors
0b2e4ce
Wed, May 14, 2025  9:00:59 AM: 
 sudoku.c | 31 ++++++++++++++++---------------
 1 file changed, 16 insertions(+), 15 deletions(-)
Compilation failed
In file included from test.c:5:0:
sudoku.c: In function 'DFS':
sudoku.c:100:9: error: invalid use of void expression
         current = (Node*) popBack(stack);
         ^~~~~~~
sudoku.c:109:9: error: unknown type name 'node'
         node* temp = adj_nodes->first;
         ^~~~
sudoku.c:109:31: error: dereferencing pointer to incomplete type 'List {aka struct List}'
         node* temp = adj_nodes->first;
                               ^~
sudoku.c:111:41: error: request for member 'data' in something not a structure or union
             pushBack(stack, (Node*) temp->data);
                                         ^~
sudoku.c:112:24: error: request for member 'next' in something not a structure or union
             temp = temp->next;
                        ^~
sudoku.c:118:1: error: control reaches end of non-void function [-Werror=return-type]
 }
 ^
cc1.exe: all warnings being treated as errors
0c19be8
Wed, May 14, 2025  9:02:52 AM: 
 sudoku.c | 31 ++++++++++++++++++++-----------
 1 file changed, 20 insertions(+), 11 deletions(-)
Compilation failed
In file included from test.c:5:0:
sudoku.c: In function 'DFS':
sudoku.c:110:9: error: unknown type name 'node'
         node* temp = adj->first;
         ^~~~
sudoku.c:110:25: error: dereferencing pointer to incomplete type 'List {aka struct List}'
         node* temp = adj->first;
                         ^~
sudoku.c:113:42: error: request for member 'data' in something not a structure or union
             Node* neighbor = (Node*) temp->data;
                                          ^~
sudoku.c:115:24: error: request for member 'next' in something not a structure or union
             temp = temp->next;
                        ^~
sudoku.c: In function 'DFS':
sudoku.c:127:1: error: control reaches end of non-void function [-Werror=return-type]
 }
 ^
At top level:
sudoku.c:95:9: error: 'DFS' defined but not used [-Werror=unused-function]
   Node* DFS(Node* initial, int* cont)
         ^~~
cc1.exe: all warnings being treated as errors
4f10e4c
Wed, May 14, 2025  9:03:11 AM: 
 sudoku.c | 4 ----
 1 file changed, 4 deletions(-)
Compilation failed
In file included from test.c:5:0:
sudoku.c: In function 'DFS':
sudoku.c:108:9: error: unknown type name 'node'
         node* temp = adj->first;
         ^~~~
sudoku.c:108:25: error: dereferencing pointer to incomplete type 'List {aka struct List}'
         node* temp = adj->first;
                         ^~
sudoku.c:111:42: error: request for member 'data' in something not a structure or union
             Node* neighbor = (Node*) temp->data;
                                          ^~
sudoku.c:113:24: error: request for member 'next' in something not a structure or union
             temp = temp->next;
                        ^~
20230ad
Wed, May 14, 2025  9:03:33 AM: 
 sudoku.c | 23 +++++++++--------------
 1 file changed, 9 insertions(+), 14 deletions(-)
Compilation failed
In file included from test.c:5:0:
sudoku.c: In function 'DFS':
sudoku.c:100:9: error: invalid use of void expression
         current = (Node*) popBack(stack);
         ^~~~~~~
sudoku.c:108:9: error: unknown type name 'node'
         node* temp = adj_nodes->first;
         ^~~~
sudoku.c:108:31: error: dereferencing pointer to incomplete type 'List {aka struct List}'
         node* temp = adj_nodes->first;
                               ^~
sudoku.c:110:41: error: request for member 'data' in something not a structure or union
             pushBack(stack, (Node*) temp->data);
                                         ^~
sudoku.c:111:24: error: request for member 'next' in something not a structure or union
             temp = temp->next;
                        ^~
e083271
Wed, May 14, 2025  9:10:00 AM: 
 sudoku.c | 173 ++++++++++++++++++++++++++++++++++++++++++++++++++++++++-------
 1 file changed, 156 insertions(+), 17 deletions(-)
Compilation failed
In file included from test.c:5:0:
sudoku.c:104:2: error: conflicting types for 'Node'
 }Node;
  ^~~~
In file included from test.c:5:0:
sudoku.c:8:2: note: previous declaration of 'Node' was here
 }Node;
  ^~~~
In file included from test.c:5:0:
sudoku.c:106:7: error: conflicting types for 'createNode'
 Node* createNode(){
       ^~~~~~~~~~
In file included from test.c:5:0:
sudoku.c:10:7: note: previous definition of 'createNode' was here
 Node* createNode(){
       ^~~~~~~~~~
In file included from test.c:5:0:
sudoku.c:111:7: error: conflicting types for 'copy'
 Node* copy(Node* n){
       ^~~~
In file included from test.c:5:0:
sudoku.c:15:7: note: previous definition of 'copy' was here
 Node* copy(Node* n){
       ^~~~
In file included from test.c:5:0:
sudoku.c:117:7: error: conflicting types for 'read_file'
 Node* read_file (char* file_name){
       ^~~~~~~~~
In file included from test.c:5:0:
sudoku.c:21:7: note: previous definition of 'read_file' was here
 Node* read_file (char* file_name){
       ^~~~~~~~~
In file included from test.c:5:0:
sudoku.c:132:6: error: conflicting types for 'print_node'
 void print_node(Node* n){
      ^~~~~~~~~~
In file included from test.c:5:0:
sudoku.c:36:6: note: previous definition of 'print_node' was here
 void print_node(Node* n){
      ^~~~~~~~~~
In file included from test.c:5:0:
sudoku.c:142:5: error: conflicting types for 'is_valid'
 int is_valid(Node* n)
     ^~~~~~~~
In file included from test.c:5:0:
sudoku.c:46:5: note: previous definition of 'is_valid' was here
 int is_valid(Node* n)
     ^~~~~~~~
In file included from test.c:5:0:
sudoku.c:177:7: error: conflicting types for 'get_adj_nodes'
 List* get_adj_nodes(Node* n)
       ^~~~~~~~~~~~~
In file included from test.c:5:0:
sudoku.c:52:7: note: previous definition of 'get_adj_nodes' was here
 List* get_adj_nodes(Node* n)
       ^~~~~~~~~~~~~
In file included from test.c:5:0:
sudoku.c:206:5: error: conflicting types for 'is_final'
 int is_final(Node* n)
     ^~~~~~~~
In file included from test.c:5:0:
sudoku.c:81:5: note: previous definition of 'is_final' was here
 int is_final(Node* n)
     ^~~~~~~~
test.c: In function 'test_dfs':
test.c:206:19: error: implicit declaration of function 'DFS' [-Werror=implicit-function-declaration]
     Node* final = DFS(initial, &cont);
                   ^~~
test.c:206:19: error: initialization makes pointer from integer without a cast [-Werror=int-conversion]
test.c:230:11: error: assignment makes pointer from integer without a cast [-Werror=int-conversion]
     final = DFS(initial, &cont);
           ^
cc1.exe: all warnings being treated as errors
88d137d
Wed, May 14, 2025  9:10:41 AM: 
 sudoku.c | 5 ++++-
 1 file changed, 4 insertions(+), 1 deletion(-)
Compilation failed
In file included from test.c:5:0:
sudoku.c:104:2: error: conflicting types for 'Node'
 }Node;
  ^~~~
In file included from test.c:5:0:
sudoku.c:8:2: note: previous declaration of 'Node' was here
 }Node;
  ^~~~
In file included from test.c:5:0:
sudoku.c:106:7: error: conflicting types for 'createNode'
 Node* createNode(){
       ^~~~~~~~~~
In file included from test.c:5:0:
sudoku.c:10:7: note: previous definition of 'createNode' was here
 Node* createNode(){
       ^~~~~~~~~~
In file included from test.c:5:0:
sudoku.c:111:7: error: conflicting types for 'copy'
 Node* copy(Node* n){
       ^~~~
In file included from test.c:5:0:
sudoku.c:15:7: note: previous definition of 'copy' was here
 Node* copy(Node* n){
       ^~~~
In file included from test.c:5:0:
sudoku.c:117:7: error: conflicting types for 'read_file'
 Node* read_file (char* file_name){
       ^~~~~~~~~
In file included from test.c:5:0:
sudoku.c:21:7: note: previous definition of 'read_file' was here
 Node* read_file (char* file_name){
       ^~~~~~~~~
In file included from test.c:5:0:
sudoku.c:132:6: error: conflicting types for 'print_node'
 void print_node(Node* n){
      ^~~~~~~~~~
In file included from test.c:5:0:
sudoku.c:36:6: note: previous definition of 'print_node' was here
 void print_node(Node* n){
      ^~~~~~~~~~
In file included from test.c:5:0:
sudoku.c:142:5: error: conflicting types for 'is_valid'
 int is_valid(Node* n)
     ^~~~~~~~
In file included from test.c:5:0:
sudoku.c:46:5: note: previous definition of 'is_valid' was here
 int is_valid(Node* n)
     ^~~~~~~~
In file included from test.c:5:0:
sudoku.c:177:7: error: conflicting types for 'get_adj_nodes'
 List* get_adj_nodes(Node* n)
       ^~~~~~~~~~~~~
In file included from test.c:5:0:
sudoku.c:52:7: note: previous definition of 'get_adj_nodes' was here
 List* get_adj_nodes(Node* n)
       ^~~~~~~~~~~~~
In file included from test.c:5:0:
sudoku.c:206:5: error: conflicting types for 'is_final'
 int is_final(Node* n)
     ^~~~~~~~
In file included from test.c:5:0:
sudoku.c:81:5: note: previous definition of 'is_final' was here
 int is_final(Node* n)
     ^~~~~~~~
d8510ee
Wed, May 14, 2025  9:11:54 AM: 
 sudoku.c | 162 ---------------------------------------------------------------
 1 file changed, 162 deletions(-)
 tests:  3|3
total_score: 25/70
eb8bdb3
Wed, May 14, 2025  9:12:39 AM: 
 sudoku.c | 44 +++++++++++++++++++++++++++++++++++++++++++-
 1 file changed, 43 insertions(+), 1 deletion(-)
 tests:  7|1
total_score: 55/70
d2938fd
Wed, May 14, 2025  9:17:55 AM: 
 sudoku.c | 3 ---
 1 file changed, 3 deletions(-)
 tests:  7|1
total_score: 55/70
ce69d0c
s√°., 17 de may. de 2025 20:48:25: 
 sudoku.c | 6 ++----
 1 file changed, 2 insertions(+), 4 deletions(-)
 tests:  7|1
total_score: 55/70
327d7f3
